Summary of SPARK analysis
=========================

------------------------------------------------------------------------------------------
SPARK Analysis results        Total      Flow   CodePeer   Provers   Justified    Unproved
------------------------------------------------------------------------------------------
Data Dependencies                 .         .          .         .           .           .
Flow Dependencies                 .         .          .         .           .           .
Initialization                    .         .          .         .           .           .
Non-Aliasing                      .         .          .         .           .           .
Run-time Checks                   .         .          .         .           .           .
Assertions                        .         .          .         .           .           .
Functional Contracts              1         .          .         .           .           1
LSP Verification                  .         .          .         .           .           .
Termination                       .         .          .         .           .           .
Concurrency                       .         .          .         .           .           .
------------------------------------------------------------------------------------------
Total                             1         .          .         .           .    1 (100%)


max steps used for successful proof: 0

Analyzed 1 unit
in unit dashboard_warning_lights, 3 subprograms and packages out of 3 analyzed
  dashboard_warning_lights at dashboard_warning_lights.ads:1 flow analyzed (0 errors, 0 checks and 0 warnings) and proved (0 checks)
  dashboard_warning_lights.CarOff at dashboard_warning_lights.ads:20 flow analyzed (0 errors, 0 checks and 0 warnings) and proved (0 checks)
  dashboard_warning_lights.CheckLights at dashboard_warning_lights.ads:16 flow analyzed (0 errors, 0 checks and 0 warnings) and not proved, 0 checks out of 1 proved
